  Lab2.c
C:\Users\jurem\Desktop\STRUKTURE\StrukturePodataka\Lab2\Lab2\Lab2.c(7,1): error C2008: '#': unexpected in macro definition
C:\Users\jurem\Desktop\STRUKTURE\StrukturePodataka\Lab2\Lab2\Lab2.c(9,11): error C2061: syntax error: identifier 'q'
C:\Users\jurem\Desktop\STRUKTURE\StrukturePodataka\Lab2\Lab2\Lab2.c(9,11): error C2059: syntax error: ';'
C:\Users\jurem\Desktop\STRUKTURE\StrukturePodataka\Lab2\Lab2\Lab2.c(11,15): error C2065: 'Position': undeclared identifier
C:\Users\jurem\Desktop\STRUKTURE\StrukturePodataka\Lab2\Lab2\Lab2.c(11,2): error C2099: initializer is not a constant
C:\Users\jurem\Desktop\STRUKTURE\StrukturePodataka\Lab2\Lab2\Lab2.c(11,16): error C2146: syntax error: missing ';' before identifier 'malloc'
C:\Users\jurem\Desktop\STRUKTURE\StrukturePodataka\Lab2\Lab2\Lab2.c(11,23): error C2143: syntax error: missing ')' before 'sizeof'
C:\Users\jurem\Desktop\STRUKTURE\StrukturePodataka\Lab2\Lab2\Lab2.c(11,23): error C2143: syntax error: missing '{' before 'sizeof'
C:\Users\jurem\Desktop\STRUKTURE\StrukturePodataka\Lab2\Lab2\Lab2.c(11,23): error C2059: syntax error: 'sizeof'
C:\Users\jurem\Desktop\STRUKTURE\StrukturePodataka\Lab2\Lab2\Lab2.c(13,9): error C2143: syntax error: missing ')' before 'string'
C:\Users\jurem\Desktop\STRUKTURE\StrukturePodataka\Lab2\Lab2\Lab2.c(13,9): error C2143: syntax error: missing '{' before 'string'
C:\Users\jurem\Desktop\STRUKTURE\StrukturePodataka\Lab2\Lab2\Lab2.c(13,9): error C2059: syntax error: 'string'
C:\Users\jurem\Desktop\STRUKTURE\StrukturePodataka\Lab2\Lab2\Lab2.c(13,50): error C2059: syntax error: ')'
C:\Users\jurem\Desktop\STRUKTURE\StrukturePodataka\Lab2\Lab2\Lab2.c(14,8): error C2143: syntax error: missing ')' before 'string'
C:\Users\jurem\Desktop\STRUKTURE\StrukturePodataka\Lab2\Lab2\Lab2.c(14,8): error C2143: syntax error: missing '{' before 'string'
C:\Users\jurem\Desktop\STRUKTURE\StrukturePodataka\Lab2\Lab2\Lab2.c(14,8): error C2059: syntax error: 'string'
C:\Users\jurem\Desktop\STRUKTURE\StrukturePodataka\Lab2\Lab2\Lab2.c(14,55): error C2059: syntax error: ')'
C:\Users\jurem\Desktop\STRUKTURE\StrukturePodataka\Lab2\Lab2\Lab2.c(16,3): error C2143: syntax error: missing '{' before '->'
C:\Users\jurem\Desktop\STRUKTURE\StrukturePodataka\Lab2\Lab2\Lab2.c(16,3): error C2059: syntax error: '->'
C:\Users\jurem\Desktop\STRUKTURE\StrukturePodataka\Lab2\Lab2\Lab2.c(17,3): error C2143: syntax error: missing '{' before '->'
C:\Users\jurem\Desktop\STRUKTURE\StrukturePodataka\Lab2\Lab2\Lab2.c(17,3): error C2059: syntax error: '->'
C:\Users\jurem\Desktop\STRUKTURE\StrukturePodataka\Lab2\Lab2\Lab2.c(18,1): error C2059: syntax error: '}'
C:\Users\jurem\Desktop\STRUKTURE\StrukturePodataka\Lab2\Lab2\Lab2.c(34,13): error C2061: syntax error: identifier 'FindLast'
C:\Users\jurem\Desktop\STRUKTURE\StrukturePodataka\Lab2\Lab2\Lab2.c(34,13): error C2059: syntax error: ';'
C:\Users\jurem\Desktop\STRUKTURE\StrukturePodataka\Lab2\Lab2\Lab2.c(34,31): error C2146: syntax error: missing ')' before identifier 'P'
C:\Users\jurem\Desktop\STRUKTURE\StrukturePodataka\Lab2\Lab2\Lab2.c(34,31): error C2061: syntax error: identifier 'P'
C:\Users\jurem\Desktop\STRUKTURE\StrukturePodataka\Lab2\Lab2\Lab2.c(34,32): error C2059: syntax error: ')'
C:\Users\jurem\Desktop\STRUKTURE\StrukturePodataka\Lab2\Lab2\Lab2.c(34,34): error C2449: found '{' at file scope (missing function header?)
C:\Users\jurem\Desktop\STRUKTURE\StrukturePodataka\Lab2\Lab2\Lab2.c(40,1): error C2059: syntax error: '}'
C:\Users\jurem\Desktop\STRUKTURE\StrukturePodataka\Lab2\Lab2\Lab2.c(60,13): error C2061: syntax error: identifier 'Find'
C:\Users\jurem\Desktop\STRUKTURE\StrukturePodataka\Lab2\Lab2\Lab2.c(60,13): error C2059: syntax error: ';'
C:\Users\jurem\Desktop\STRUKTURE\StrukturePodataka\Lab2\Lab2\Lab2.c(60,27): error C2146: syntax error: missing ')' before identifier 'P'
C:\Users\jurem\Desktop\STRUKTURE\StrukturePodataka\Lab2\Lab2\Lab2.c(60,27): error C2061: syntax error: identifier 'P'
C:\Users\jurem\Desktop\STRUKTURE\StrukturePodataka\Lab2\Lab2\Lab2.c(60,28): error C2059: syntax error: ')'
C:\Users\jurem\Desktop\STRUKTURE\StrukturePodataka\Lab2\Lab2\Lab2.c(60,30): error C2449: found '{' at file scope (missing function header?)
C:\Users\jurem\Desktop\STRUKTURE\StrukturePodataka\Lab2\Lab2\Lab2.c(71,1): error C2059: syntax error: '}'
C:\Users\jurem\Desktop\STRUKTURE\StrukturePodataka\Lab2\Lab2\Lab2.c(93,24): error C2065: 'MAX_LINE': undeclared identifier
C:\Users\jurem\Desktop\STRUKTURE\StrukturePodataka\Lab2\Lab2\Lab2.c(93,16): error C2057: expected constant expression
C:\Users\jurem\Desktop\STRUKTURE\StrukturePodataka\Lab2\Lab2\Lab2.c(93,24): error C2466: cannot allocate an array of constant size 0
C:\Users\jurem\Desktop\STRUKTURE\StrukturePodataka\Lab2\Lab2\Lab2.c(97,9): error C2065: 'Person': undeclared identifier
C:\Users\jurem\Desktop\STRUKTURE\StrukturePodataka\Lab2\Lab2\Lab2.c(97,9): error C2146: syntax error: missing ';' before identifier 'head'
C:\Users\jurem\Desktop\STRUKTURE\StrukturePodataka\Lab2\Lab2\Lab2.c(97,14): error C2065: 'head': undeclared identifier
C:\Users\jurem\Desktop\STRUKTURE\StrukturePodataka\Lab2\Lab2\Lab2.c(97,16): error C2059: syntax error: '{'
C:\Users\jurem\Desktop\STRUKTURE\StrukturePodataka\Lab2\Lab2\Lab2.c(104,2): warning C4013: 'printf' undefined; assuming extern returning int
C:\Users\jurem\Desktop\STRUKTURE\StrukturePodataka\Lab2\Lab2\Lab2.c(105,2): warning C4013: 'scanf' undefined; assuming extern returning int
C:\Users\jurem\Desktop\STRUKTURE\StrukturePodataka\Lab2\Lab2\Lab2.c(108,3): warning C4013: 'Add_Element' undefined; assuming extern returning int
C:\Users\jurem\Desktop\STRUKTURE\StrukturePodataka\Lab2\Lab2\Lab2.c(108,20): error C2065: 'head': undeclared identifier
C:\Users\jurem\Desktop\STRUKTURE\StrukturePodataka\Lab2\Lab2\Lab2.c(111,3): warning C4013: 'PrintList' undefined; assuming extern returning int
C:\Users\jurem\Desktop\STRUKTURE\StrukturePodataka\Lab2\Lab2\Lab2.c(111,18): error C2065: 'head': undeclared identifier
C:\Users\jurem\Desktop\STRUKTURE\StrukturePodataka\Lab2\Lab2\Lab2.c(114,7): warning C4013: 'FindLast' undefined; assuming extern returning int
C:\Users\jurem\Desktop\STRUKTURE\StrukturePodataka\Lab2\Lab2\Lab2.c(114,21): error C2065: 'head': undeclared identifier
C:\Users\jurem\Desktop\STRUKTURE\StrukturePodataka\Lab2\Lab2\Lab2.c(114,5): warning C4047: '=': 'person *' differs in levels of indirection from 'int'
C:\Users\jurem\Desktop\STRUKTURE\StrukturePodataka\Lab2\Lab2\Lab2.c(119,7): warning C4013: 'Find' undefined; assuming extern returning int
C:\Users\jurem\Desktop\STRUKTURE\StrukturePodataka\Lab2\Lab2\Lab2.c(119,16): error C2065: 'head': undeclared identifier
C:\Users\jurem\Desktop\STRUKTURE\StrukturePodataka\Lab2\Lab2\Lab2.c(119,17): error C2224: left of '.next' must have struct/union type
C:\Users\jurem\Desktop\STRUKTURE\StrukturePodataka\Lab2\Lab2\Lab2.c(119,5): warning C4047: '=': 'person *' differs in levels of indirection from 'int'
C:\Users\jurem\Desktop\STRUKTURE\StrukturePodataka\Lab2\Lab2\Lab2.c(120,12): error C2065: 'NULL': undeclared identifier
C:\Users\jurem\Desktop\STRUKTURE\StrukturePodataka\Lab2\Lab2\Lab2.c(120,12): warning C4047: '==': 'int' differs in levels of indirection from 'person *'
C:\Users\jurem\Desktop\STRUKTURE\StrukturePodataka\Lab2\Lab2\Lab2.c(123,39): error C2037: left of 'name' specifies undefined struct/union 'person'
C:\Users\jurem\Desktop\STRUKTURE\StrukturePodataka\Lab2\Lab2\Lab2.c(123,48): error C2037: left of 'surname' specifies undefined struct/union 'person'
C:\Users\jurem\Desktop\STRUKTURE\StrukturePodataka\Lab2\Lab2\Lab2.c(123,60): error C2037: left of 'birthyear' specifies undefined struct/union 'person'
C:\Users\jurem\Desktop\STRUKTURE\StrukturePodataka\Lab2\Lab2\Lab2.c(127,3): warning C4013: 'Delete' undefined; assuming extern returning int
C:\Users\jurem\Desktop\STRUKTURE\StrukturePodataka\Lab2\Lab2\Lab2.c(127,15): error C2065: 'head': undeclared identifier
C:\Users\jurem\Desktop\STRUKTURE\StrukturePodataka\Lab2\Lab2\Lab2.c(132,24): error C2065: 'PROGRAM_SUCCESS': undeclared identifier
